Ex1 (OOP) Simulator log: stage B5.json,  B5a.csv
0.0,OOP_Ex1_Elevator_Simulator
0.0,Simulated Building, Building [-10,100]
0) ex1.Elevator_A, Elev_, id,0,  speed, 9.0, open: 1.1111111111111112,  start: 1.6666666666666667, close: 1.1111111111111112,  stop: 1.6666666666666667
1) ex1.Elevator_A, Elev_, id,1,  speed, 7.0, open: 1.4285714285714286,  start: 2.142857142857143, close: 1.4285714285714286,  stop: 2.142857142857143
2) ex1.Elevator_A, Elev_, id,2,  speed, 5.0, open: 2.0,  start: 3.0, close: 2.0,  stop: 3.0
3) ex1.Elevator_A, Elev_, id,3,  speed, 5.0, open: 2.0,  start: 3.0, close: 2.0,  stop: 3.0
4) ex1.Elevator_A, Elev_, id,4,  speed, 3.0, open: 2.0,  start: 3.0, close: 2.0,  stop: 3.0
5) ex1.Elevator_A, Elev_, id,5,  speed, 3.0, open: 2.0,  start: 3.0, close: 2.0,  stop: 3.0
6) ex1.Elevator_A, Elev_, id,6,  speed, 1.5, open: 2.0,  start: 3.0, close: 2.0,  stop: 3.0
7) ex1.Elevator_A, Elev_, id,7,  speed, 9.0, open: 1.1111111111111112,  start: 1.6666666666666667, close: 1.1111111111111112,  stop: 1.6666666666666667
8) ex1.Elevator_A, Elev_, id,8,  speed, 9.0, open: 1.1111111111111112,  start: 1.6666666666666667, close: 1.1111111111111112,  stop: 1.6666666666666667
9) ex1.Elevator_A, Elev_, id,9,  speed, 2.0, open: 2.0,  start: 3.0, close: 2.0,  stop: 3.0

0.0,Simulated Period starTime,0.0,  endTime,1104.1840186,  dt,1.0
0.0,Simulated  calls,Elevator log, size: 100
0.0,**** Simulation starts!! ****
5.0,Elevator call,4.37472729,0,-1,1,0, got allocated to elevator, 0
5.0,Elev,0,  arrived at src, 0, Elevator call,4.37472729,0,-1,2,0
5.0, elevID,0,  pos,0,  cmd, goto,-1
11.0,Elev,0,  arrived at dest, -1, this call is done!, Elevator call,4.37472729,0,-1,3,0, Done, dt, 6.62527271
17.0,Elevator call,16.95788289,-1,0,1,7, got allocated to elevator, 7
17.0, elevID,7,  pos,0,  cmd, goto,-1
23.0,Elevator call,22.0940563,0,-1,1,8, got allocated to elevator, 8
23.0,Elev,7,  arrived at src, -1, Elevator call,16.95788289,-1,0,2,7
23.0, elevID,7,  pos,-1,  cmd, goto,0
23.0,Elev,8,  arrived at src, 0, Elevator call,22.0940563,0,-1,2,8
23.0, elevID,8,  pos,0,  cmd, goto,-1
29.0,Elev,7,  arrived at dest, 0, this call is done!, Elevator call,16.95788289,-1,0,3,7, Done, dt, 12.04211711
29.0,Elev,8,  arrived at dest, -1, this call is done!, Elevator call,22.0940563,0,-1,3,8, Done, dt, 6.905943700000002
86.0,Elevator call,85.52096662,3,2,1,7, got allocated to elevator, 7
86.0, elevID,7,  pos,0,  cmd, goto,3
92.0,Elevator call,91.21019413,-1,-2,1,1, got allocated to elevator, 1
92.0, elevID,1,  pos,0,  cmd, goto,-1
92.0,Elev,7,  arrived at src, 3, Elevator call,85.52096662,3,2,2,7
92.0, elevID,7,  pos,3,  cmd, goto,2
98.0,Elev,7,  arrived at dest, 2, this call is done!, Elevator call,85.52096662,3,2,3,7, Done, dt, 12.479033380000004
100.0,Elev,1,  arrived at src, -1, Elevator call,91.21019413,-1,-2,2,1
100.0, elevID,1,  pos,-1,  cmd, goto,-2
105.0,Elevator call,104.1370124,0,4,1,7, got allocated to elevator, 7
105.0, elevID,7,  pos,2,  cmd, goto,0
108.0,Elev,1,  arrived at dest, -2, this call is done!, Elevator call,91.21019413,-1,-2,3,1, Done, dt, 16.789805869999995
110.0,Elevator call,109.2135291,-1,0,1,2, got allocated to elevator, 2
110.0, elevID,2,  pos,0,  cmd, goto,-1
111.0,Elev,7,  arrived at src, 0, Elevator call,104.1370124,0,4,2,7
111.0, elevID,7,  pos,0,  cmd, goto,4
115.0,Elevator call,114.392351,3,0,1,7, got allocated to elevator, 7
117.0,Elev,7,  arrived at dest, 4, this call is done!, Elevator call,104.1370124,0,4,3,7, Done, dt, 12.862987599999997
117.0, elevID,7,  pos,4,  cmd, goto,3
121.0,Elev,2,  arrived at src, -1, Elevator call,109.2135291,-1,0,2,2
121.0, elevID,2,  pos,-1,  cmd, goto,0
123.0,Elev,7,  arrived at src, 3, Elevator call,114.392351,3,0,2,7
123.0, elevID,7,  pos,3,  cmd, goto,0
125.0,Elevator call,124.425571,0,9,1,4, got allocated to elevator, 4
125.0,Elev,4,  arrived at src, 0, Elevator call,124.425571,0,9,2,4
125.0, elevID,4,  pos,0,  cmd, goto,9
129.0,Elev,7,  arrived at dest, 0, this call is done!, Elevator call,114.392351,3,0,3,7, Done, dt, 14.607648999999995
131.0,Elevator call,130.0249568,8,10,1,7, got allocated to elevator, 7
131.0,Elevator call,130.2249113,-1,1,1,7, got allocated to elevator, 7
131.0, elevID,7,  pos,0,  cmd, goto,-1
132.0,Elev,2,  arrived at dest, 0, this call is done!, Elevator call,109.2135291,-1,0,3,2, Done, dt, 22.786470899999998
137.0,Elev,7,  arrived at src, -1, Elevator call,130.2249113,-1,1,2,7
137.0, elevID,7,  pos,-1,  cmd, goto,1
138.0,Elevator call,137.9515274,0,4,1,9, got allocated to elevator, 9
138.0,Elev,4,  arrived at dest, 9, this call is done!, Elevator call,124.425571,0,9,3,4, Done, dt, 13.574428999999995
138.0,Elev,9,  arrived at src, 0, Elevator call,137.9515274,0,4,2,9
138.0, elevID,9,  pos,0,  cmd, goto,4
143.0,Elev,7,  arrived at dest, 1, this call is done!, Elevator call,130.2249113,-1,1,3,7, Done, dt, 12.775088699999998
143.0, elevID,7,  pos,1,  cmd, goto,8
144.0,Elevator call,143.9133584,0,6,1,7, got allocated to elevator, 7
150.0,Elev,7,  arrived at src, 8, Elevator call,130.0249568,8,10,2,7
150.0, elevID,7,  pos,8,  cmd, goto,10
150.0,Elev,9,  arrived at dest, 4, this call is done!, Elevator call,137.9515274,0,4,3,9, Done, dt, 12.048472599999997
156.0,Elev,7,  arrived at dest, 10, this call is done!, Elevator call,130.0249568,8,10,3,7, Done, dt, 25.975043199999988
156.0, elevID,7,  pos,10,  cmd, goto,0
163.0,Elev,7,  arrived at src, 0, Elevator call,143.9133584,0,6,2,7
163.0, elevID,7,  pos,0,  cmd, goto,6
170.0,Elevator call,169.7845834,-1,0,1,5, got allocated to elevator, 5
170.0, elevID,5,  pos,0,  cmd, goto,-1
170.0,Elev,7,  arrived at dest, 6, this call is done!, Elevator call,143.9133584,0,6,3,7, Done, dt, 26.086641600000007
171.0,Elevator call,170.0099621,0,6,1,0, got allocated to elevator, 0
171.0, elevID,0,  pos,-1,  cmd, goto,0
172.0,Elevator call,171.2117332,-1,8,1,0, got allocated to elevator, 0
172.0, elevID,0,  pos,-1,  cmd, stop,-1
175.0,Elevator call,174.8438515,0,-1,1,0, got allocated to elevator, 0
177.0,Elev,0,  arrived at src, -1, Elevator call,171.2117332,-1,8,2,0
177.0, elevID,0,  pos,-1,  cmd, goto,0
181.0,Elev,5,  arrived at src, -1, Elevator call,169.7845834,-1,0,2,5
181.0, elevID,5,  pos,-1,  cmd, goto,0
183.0,Elev,0,  arrived at src, 0, Elevator call,170.0099621,0,6,2,0
183.0,Elev,0,  arrived at src, 0, Elevator call,174.8438515,0,-1,2,0
183.0, elevID,0,  pos,0,  cmd, goto,6
188.0,Elevator call,187.1167862,-1,-2,1,2, got allocated to elevator, 2
188.0,Elevator call,187.7299318,-1,-2,1,0, got allocated to elevator, 0
188.0, elevID,2,  pos,0,  cmd, goto,-1
190.0,Elev,0,  arrived at dest, 6, this call is done!, Elevator call,170.0099621,0,6,3,0, Done, dt, 19.990037900000004
190.0, elevID,0,  pos,6,  cmd, goto,8
192.0,Elev,5,  arrived at dest, 0, this call is done!, Elevator call,169.7845834,-1,0,3,5, Done, dt, 22.215416599999998
196.0,Elevator call,195.9086965,0,7,1,2, got allocated to elevator, 2
196.0,Elev,0,  arrived at dest, 8, this call is done!, Elevator call,171.2117332,-1,8,3,0, Done, dt, 24.788266800000002
196.0, elevID,0,  pos,8,  cmd, goto,-1
198.0,Elevator call,197.5359191,-1,1,1,0, got allocated to elevator, 0
199.0,Elev,2,  arrived at src, -1, Elevator call,187.1167862,-1,-2,2,2
199.0, elevID,2,  pos,-1,  cmd, goto,-2
203.0,Elev,0,  arrived at dest, -1, this call is done!, Elevator call,174.8438515,0,-1,3,0, Done, dt, 28.1561485
203.0,Elev,0,  arrived at src, -1, Elevator call,187.7299318,-1,-2,2,0
203.0,Elev,0,  arrived at src, -1, Elevator call,197.5359191,-1,1,2,0
203.0, elevID,0,  pos,-1,  cmd, goto,-2
206.0,Elevator call,205.9895199,-1,0,1,3, got allocated to elevator, 3
206.0, elevID,3,  pos,0,  cmd, goto,-1
209.0,Elev,0,  arrived at dest, -2, this call is done!, Elevator call,187.7299318,-1,-2,3,0, Done, dt, 21.270068199999997
209.0, elevID,0,  pos,-2,  cmd, goto,1
210.0,Elev,2,  arrived at dest, -2, this call is done!, Elevator call,187.1167862,-1,-2,3,2, Done, dt, 22.883213799999993
210.0, elevID,2,  pos,-2,  cmd, goto,0
215.0,Elev,0,  arrived at dest, 1, this call is done!, Elevator call,197.5359191,-1,1,3,0, Done, dt, 17.4640809
217.0,Elev,3,  arrived at src, -1, Elevator call,205.9895199,-1,0,2,3
217.0, elevID,3,  pos,-1,  cmd, goto,0
221.0,Elev,2,  arrived at src, 0, Elevator call,195.9086965,0,7,2,2
221.0, elevID,2,  pos,0,  cmd, goto,7
228.0,Elevator call,227.0798305,-1,5,1,0, got allocated to elevator, 0
228.0, elevID,0,  pos,1,  cmd, goto,-1
228.0,Elev,3,  arrived at dest, 0, this call is done!, Elevator call,205.9895199,-1,0,3,3, Done, dt, 22.010480099999995
232.0,Elevator call,231.5157882,-1,0,1,0, got allocated to elevator, 0
233.0,Elevator call,232.9504362,0,-1,1,5, got allocated to elevator, 5
233.0,Elev,2,  arrived at dest, 7, this call is done!, Elevator call,195.9086965,0,7,3,2, Done, dt, 37.09130350000001
233.0,Elev,5,  arrived at src, 0, Elevator call,232.9504362,0,-1,2,5
233.0, elevID,5,  pos,0,  cmd, goto,-1
234.0,Elev,0,  arrived at src, -1, Elevator call,227.0798305,-1,5,2,0
234.0,Elev,0,  arrived at src, -1, Elevator call,231.5157882,-1,0,2,0
234.0, elevID,0,  pos,-1,  cmd, goto,0
240.0,Elev,0,  arrived at dest, 0, this call is done!, Elevator call,231.5157882,-1,0,3,0, Done, dt, 8.484211799999997
240.0, elevID,0,  pos,0,  cmd, goto,5
244.0,Elev,5,  arrived at dest, -1, this call is done!, Elevator call,232.9504362,0,-1,3,5, Done, dt, 11.049563799999987
247.0,Elev,0,  arrived at dest, 5, this call is done!, Elevator call,227.0798305,-1,5,3,0, Done, dt, 19.920169499999986
252.0,Elevator call,251.1044469,-1,-2,1,0, got allocated to elevator, 0
252.0,Elevator call,251.2359335,0,9,1,0, got allocated to elevator, 0
252.0, elevID,0,  pos,5,  cmd, goto,0
255.0,Elevator call,254.6977153,3,4,1,2, got allocated to elevator, 2
255.0, elevID,2,  pos,7,  cmd, goto,3
258.0,Elevator call,257.7974435,-1,0,1,0, got allocated to elevator, 0
259.0,Elev,0,  arrived at src, 0, Elevator call,251.2359335,0,9,2,0
259.0, elevID,0,  pos,0,  cmd, goto,-1
265.0,Elev,0,  arrived at src, -1, Elevator call,251.1044469,-1,-2,2,0
265.0,Elev,0,  arrived at src, -1, Elevator call,257.7974435,-1,0,2,0
265.0, elevID,0,  pos,-1,  cmd, goto,-2
266.0,Elev,2,  arrived at src, 3, Elevator call,254.6977153,3,4,2,2
266.0, elevID,2,  pos,3,  cmd, goto,4
271.0,Elev,0,  arrived at dest, -2, this call is done!, Elevator call,251.1044469,-1,-2,3,0, Done, dt, 19.8955531
271.0, elevID,0,  pos,-2,  cmd, goto,0
277.0,Elev,0,  arrived at dest, 0, this call is done!, Elevator call,257.7974435,-1,0,3,0, Done, dt, 19.202556500000014
277.0, elevID,0,  pos,0,  cmd, goto,9
277.0,Elev,2,  arrived at dest, 4, this call is done!, Elevator call,254.6977153,3,4,3,2, Done, dt, 22.3022847
284.0,Elev,0,  arrived at dest, 9, this call is done!, Elevator call,251.2359335,0,9,3,0, Done, dt, 32.76406650000001
296.0,Elevator call,295.7943357,0,1,1,2, got allocated to elevator, 2
296.0, elevID,2,  pos,4,  cmd, goto,0
305.0,Elevator call,304.9984388,6,0,1,4, got allocated to elevator, 4
305.0, elevID,4,  pos,9,  cmd, goto,6
307.0,Elev,2,  arrived at src, 0, Elevator call,295.7943357,0,1,2,2
307.0, elevID,2,  pos,0,  cmd, goto,1
310.0,Elevator call,309.3005383,0,-1,1,4, got allocated to elevator, 4
313.0,Elevator call,312.3018556,0,-1,1,9, got allocated to elevator, 9
313.0, elevID,9,  pos,4,  cmd, goto,0
316.0,Elev,4,  arrived at src, 6, Elevator call,304.9984388,6,0,2,4
316.0, elevID,4,  pos,6,  cmd, goto,0
317.0,Elevator call,316.0323783,0,-1,1,4, got allocated to elevator, 4
318.0,Elev,2,  arrived at dest, 1, this call is done!, Elevator call,295.7943357,0,1,3,2, Done, dt, 22.205664300000024
320.0,Elevator call,319.905202,6,5,1,6, got allocated to elevator, 6
320.0, elevID,6,  pos,0,  cmd, goto,6
321.0,Elevator call,320.9760749,-1,0,1,4, got allocated to elevator, 4
322.0,Elevator call,321.370409,7,-1,1,9, got allocated to elevator, 9
325.0,Elev,9,  arrived at src, 0, Elevator call,312.3018556,0,-1,2,9
325.0, elevID,9,  pos,0,  cmd, goto,-1
328.0,Elev,4,  arrived at dest, 0, this call is done!, Elevator call,304.9984388,6,0,3,4, Done, dt, 23.001561200000026
328.0,Elev,4,  arrived at src, 0, Elevator call,309.3005383,0,-1,2,4
328.0,Elev,4,  arrived at src, 0, Elevator call,316.0323783,0,-1,2,4
328.0, elevID,4,  pos,0,  cmd, goto,-1
333.0,Elevator call,332.4267319,0,10,1,4, got allocated to elevator, 4
, elevID,4,  pos,0,  cmd, stop,0
334.0,Elev,6,  arrived at src, 6, Elevator call,319.905202,6,5,2,6
334.0, elevID,6,  pos,6,  cmd, goto,5
336.0,Elev,9,  arrived at dest, -1, this call is done!, Elevator call,312.3018556,0,-1,3,9, Done, dt, 23.69814439999999
336.0, elevID,9,  pos,-1,  cmd, goto,7
337.0,Elevator call,336.9304305,-1,0,1,1, got allocated to elevator, 1
337.0, elevID,1,  pos,-2,  cmd, goto,-1
338.0,Elev,4,  arrived at src, 0, Elevator call,332.4267319,0,10,2,4
338.0, elevID,4,  pos,0,  cmd, goto,-1
345.0,Elev,1,  arrived at src, -1, Elevator call,336.9304305,-1,0,2,1
345.0, elevID,1,  pos,-1,  cmd, goto,0
345.0,Elev,6,  arrived at dest, 5, this call is done!, Elevator call,319.905202,6,5,3,6, Done, dt, 25.094798000000026
349.0,Elev,4,  arrived at dest, -1, this call is done!, Elevator call,309.3005383,0,-1,3,4, Done, dt, 39.69946169999997
349.0,Elev,4,  arrived at dest, -1, this call is done!, Elevator call,316.0323783,0,-1,3,4, Done, dt, 32.967621699999995
349.0,Elev,4,  arrived at src, -1, Elevator call,320.9760749,-1,0,2,4
349.0, elevID,4,  pos,-1,  cmd, goto,0
350.0,Elev,9,  arrived at src, 7, Elevator call,321.370409,7,-1,2,9
350.0, elevID,9,  pos,7,  cmd, goto,-1
353.0,Elev,1,  arrived at dest, 0, this call is done!, Elevator call,336.9304305,-1,0,3,1, Done, dt, 16.0695695
360.0,Elev,4,  arrived at dest, 0, this call is done!, Elevator call,320.9760749,-1,0,3,4, Done, dt, 39.023925099999985
360.0, elevID,4,  pos,0,  cmd, goto,10
364.0,Elev,9,  arrived at dest, -1, this call is done!, Elevator call,321.370409,7,-1,3,9, Done, dt, 42.629591000000005
374.0,Elev,4,  arrived at dest, 10, this call is done!, Elevator call,332.4267319,0,10,3,4, Done, dt, 41.57326810000001
376.0,Elevator call,375.490481,1,0,1,6, got allocated to elevator, 6
376.0, elevID,6,  pos,5,  cmd, goto,1
389.0,Elev,6,  arrived at src, 1, Elevator call,375.490481,1,0,2,6
389.0, elevID,6,  pos,1,  cmd, goto,0
393.0,Elevator call,392.5160765,0,5,1,4, got allocated to elevator, 4
393.0, elevID,4,  pos,10,  cmd, goto,0
400.0,Elev,6,  arrived at dest, 0, this call is done!, Elevator call,375.490481,1,0,3,6, Done, dt, 24.50951900000001
406.0,Elevator call,405.1821141,-1,10,1,2, got allocated to elevator, 2
406.0, elevID,2,  pos,1,  cmd, goto,-1
407.0,Elev,4,  arrived at src, 0, Elevator call,392.5160765,0,5,2,4
407.0, elevID,4,  pos,0,  cmd, goto,5
417.0,Elev,2,  arrived at src, -1, Elevator call,405.1821141,-1,10,2,2
417.0, elevID,2,  pos,-1,  cmd, goto,10
419.0,Elev,4,  arrived at dest, 5, this call is done!, Elevator call,392.5160765,0,5,3,4, Done, dt, 26.483923500000003
427.0,Elevator call,426.8615805,2,0,1,4, got allocated to elevator, 4
427.0, elevID,4,  pos,5,  cmd, goto,2
430.0,Elev,2,  arrived at dest, 10, this call is done!, Elevator call,405.1821141,-1,10,3,2, Done, dt, 24.81788590000002
438.0,Elevator call,437.1711158,1,0,1,2, got allocated to elevator, 2
438.0, elevID,2,  pos,10,  cmd, goto,1
438.0,Elev,4,  arrived at src, 2, Elevator call,426.8615805,2,0,2,4
438.0, elevID,4,  pos,2,  cmd, goto,0
449.0,Elev,4,  arrived at dest, 0, this call is done!, Elevator call,426.8615805,2,0,3,4, Done, dt, 22.138419499999998
450.0,Elev,2,  arrived at src, 1, Elevator call,437.1711158,1,0,2,2
450.0, elevID,2,  pos,1,  cmd, goto,0
461.0,Elev,2,  arrived at dest, 0, this call is done!, Elevator call,437.1711158,1,0,3,2, Done, dt, 23.828884200000005
473.0,Elevator call,472.7445474,10,-1,1,4, got allocated to elevator, 4
473.0, elevID,4,  pos,0,  cmd, goto,10
487.0,Elev,4,  arrived at src, 10, Elevator call,472.7445474,10,-1,2,4
487.0, elevID,4,  pos,10,  cmd, goto,-1
501.0,Elevator call,500.3712045,8,-1,1,9, got allocated to elevator, 9
501.0,Elev,4,  arrived at dest, -1, this call is done!, Elevator call,472.7445474,10,-1,3,4, Done, dt, 28.255452600000012
501.0, elevID,9,  pos,-1,  cmd, goto,8
504.0,Elevator call,503.1384784,1,-1,1,9, got allocated to elevator, 9
504.0, elevID,9,  pos,-1,  cmd, stop,1
505.0,Elevator call,504.4317942,0,-1,1,9, got allocated to elevator, 9
505.0, elevID,9,  pos,-1,  cmd, stop,0
512.0,Elev,9,  arrived at src, 0, Elevator call,504.4317942,0,-1,2,9
512.0, elevID,9,  pos,0,  cmd, goto,1
523.0,Elev,9,  arrived at src, 1, Elevator call,503.1384784,1,-1,2,9
523.0, elevID,9,  pos,1,  cmd, goto,8
530.0,Elevator call,529.6277472,3,-1,1,7, got allocated to elevator, 7
530.0, elevID,7,  pos,6,  cmd, goto,3
536.0,Elev,7,  arrived at src, 3, Elevator call,529.6277472,3,-1,2,7
536.0, elevID,7,  pos,3,  cmd, goto,-1
537.0,Elev,9,  arrived at src, 8, Elevator call,500.3712045,8,-1,2,9
537.0, elevID,9,  pos,8,  cmd, goto,-1
538.0,Elevator call,537.7866884,-1,6,1,7, got allocated to elevator, 7
542.0,Elev,7,  arrived at dest, -1, this call is done!, Elevator call,529.6277472,3,-1,3,7, Done, dt, 12.372252799999956
542.0,Elev,7,  arrived at src, -1, Elevator call,537.7866884,-1,6,2,7
542.0, elevID,7,  pos,-1,  cmd, goto,6
545.0,Elevator call,544.7880392,6,-1,1,7, got allocated to elevator, 7
549.0,Elev,7,  arrived at dest, 6, this call is done!, Elevator call,537.7866884,-1,6,3,7, Done, dt, 11.213311599999997
549.0,Elev,7,  arrived at src, 6, Elevator call,544.7880392,6,-1,2,7
549.0, elevID,7,  pos,6,  cmd, goto,-1
552.0,Elev,9,  arrived at dest, -1, this call is done!, Elevator call,500.3712045,8,-1,3,9, Done, dt, 51.628795500000024
552.0,Elev,9,  arrived at dest, -1, this call is done!, Elevator call,503.1384784,1,-1,3,9, Done, dt, 48.8615216
552.0,Elev,9,  arrived at dest, -1, this call is done!, Elevator call,504.4317942,0,-1,3,9, Done, dt, 47.56820579999999
555.0,Elevator call,554.0892923,4,0,1,5, got allocated to elevator, 5
555.0, elevID,5,  pos,-1,  cmd, goto,4
556.0,Elev,7,  arrived at dest, -1, this call is done!, Elevator call,544.7880392,6,-1,3,7, Done, dt, 11.211960800000043
558.0,Elevator call,557.244139,10,0,1,7, got allocated to elevator, 7
558.0, elevID,7,  pos,-1,  cmd, goto,10
565.0,Elev,7,  arrived at src, 10, Elevator call,557.244139,10,0,2,7
565.0, elevID,7,  pos,10,  cmd, goto,0
566.0,Elevator call,565.0195522,0,-1,1,5, got allocated to elevator, 5
567.0,Elev,5,  arrived at src, 4, Elevator call,554.0892923,4,0,2,5
567.0, elevID,5,  pos,4,  cmd, goto,0
572.0,Elev,7,  arrived at dest, 0, this call is done!, Elevator call,557.244139,10,0,3,7, Done, dt, 14.755860999999982
579.0,Elev,5,  arrived at dest, 0, this call is done!, Elevator call,554.0892923,4,0,3,5, Done, dt, 24.91070769999999
579.0,Elev,5,  arrived at src, 0, Elevator call,565.0195522,0,-1,2,5
579.0, elevID,5,  pos,0,  cmd, goto,-1
582.0,Elevator call,581.870309,0,3,1,7, got allocated to elevator, 7
582.0,Elev,7,  arrived at src, 0, Elevator call,581.870309,0,3,2,7
582.0, elevID,7,  pos,0,  cmd, goto,3
588.0,Elev,7,  arrived at dest, 3, this call is done!, Elevator call,581.870309,0,3,3,7, Done, dt, 6.12969099999998
590.0,Elev,5,  arrived at dest, -1, this call is done!, Elevator call,565.0195522,0,-1,3,5, Done, dt, 24.98044779999998
597.0,Elevator call,596.1232023,8,0,1,5, got allocated to elevator, 5
597.0, elevID,5,  pos,-1,  cmd, goto,8
601.0,Elevator call,600.931288,1,0,1,7, got allocated to elevator, 7
601.0, elevID,7,  pos,3,  cmd, goto,1
604.0,Elevator call,603.9342327,7,0,1,7, got allocated to elevator, 7
607.0,Elev,7,  arrived at src, 1, Elevator call,600.931288,1,0,2,7
607.0, elevID,7,  pos,1,  cmd, goto,0
610.0,Elev,5,  arrived at src, 8, Elevator call,596.1232023,8,0,2,5
610.0, elevID,5,  pos,8,  cmd, goto,0
613.0,Elev,7,  arrived at dest, 0, this call is done!, Elevator call,600.931288,1,0,3,7, Done, dt, 12.068712000000005
613.0, elevID,7,  pos,0,  cmd, goto,7
618.0,Elevator call,617.9628339,0,3,1,5, got allocated to elevator, 5
620.0,Elevator call,619.6454197,9,0,1,7, got allocated to elevator, 7
620.0,Elev,7,  arrived at src, 7, Elevator call,603.9342327,7,0,2,7
620.0, elevID,7,  pos,7,  cmd, goto,9
623.0,Elev,5,  arrived at dest, 0, this call is done!, Elevator call,596.1232023,8,0,3,5, Done, dt, 26.876797699999997
623.0,Elev,5,  arrived at src, 0, Elevator call,617.9628339,0,3,2,5
623.0, elevID,5,  pos,0,  cmd, goto,3
626.0,Elev,7,  arrived at src, 9, Elevator call,619.6454197,9,0,2,7
626.0, elevID,7,  pos,9,  cmd, goto,0
627.0,Elevator call,626.2116172,0,1,1,7, got allocated to elevator, 7
633.0,Elev,7,  arrived at dest, 0, this call is done!, Elevator call,603.9342327,7,0,3,7, Done, dt, 29.065767299999948
633.0,Elev,7,  arrived at dest, 0, this call is done!, Elevator call,619.6454197,9,0,3,7, Done, dt, 13.354580299999952
633.0,Elev,7,  arrived at src, 0, Elevator call,626.2116172,0,1,2,7
633.0, elevID,7,  pos,0,  cmd, goto,1
634.0,Elev,5,  arrived at dest, 3, this call is done!, Elevator call,617.9628339,0,3,3,5, Done, dt, 16.037166100000036
639.0,Elev,7,  arrived at dest, 1, this call is done!, Elevator call,626.2116172,0,1,3,7, Done, dt, 12.788382800000022
644.0,Elevator call,643.8547515,-1,2,1,5, got allocated to elevator, 5
644.0, elevID,5,  pos,3,  cmd, goto,-1
656.0,Elev,5,  arrived at src, -1, Elevator call,643.8547515,-1,2,2,5
656.0, elevID,5,  pos,-1,  cmd, goto,2
661.0,Elevator call,660.0732908,6,10,1,7, got allocated to elevator, 7
661.0, elevID,7,  pos,1,  cmd, goto,6
662.0,Elevator call,661.042082,-1,3,1,7, got allocated to elevator, 7
663.0,Elevator call,662.1730528,-1,5,1,7, got allocated to elevator, 7
666.0,Elevator call,665.1155549,-1,8,1,7, got allocated to elevator, 7
667.0,Elevator call,666.0340295,4,0,1,7, got allocated to elevator, 7
667.0,Elevator call,666.2411587,5,-1,1,7, got allocated to elevator, 7
667.0,Elev,5,  arrived at dest, 2, this call is done!, Elevator call,643.8547515,-1,2,3,5, Done, dt, 23.14524849999998
668.0,Elev,7,  arrived at src, 6, Elevator call,660.0732908,6,10,2,7
668.0, elevID,7,  pos,6,  cmd, goto,10
673.0,Elevator call,672.6773142,0,-1,1,7, got allocated to elevator, 7
674.0,Elev,7,  arrived at dest, 10, this call is done!, Elevator call,660.0732908,6,10,3,7, Done, dt, 13.926709200000005
674.0, elevID,7,  pos,10,  cmd, goto,5
678.0,Elevator call,677.7341948,0,-1,1,5, got allocated to elevator, 5
678.0, elevID,5,  pos,2,  cmd, goto,0
679.0,Elevator call,678.9953585,-1,-2,1,7, got allocated to elevator, 7
681.0,Elev,7,  arrived at src, 5, Elevator call,666.2411587,5,-1,2,7
681.0, elevID,7,  pos,5,  cmd, goto,4
687.0,Elev,7,  arrived at src, 4, Elevator call,666.0340295,4,0,2,7
687.0, elevID,7,  pos,4,  cmd, goto,0
689.0,Elev,5,  arrived at src, 0, Elevator call,677.7341948,0,-1,2,5
689.0, elevID,5,  pos,0,  cmd, goto,-1
693.0,Elev,7,  arrived at dest, 0, this call is done!, Elevator call,666.0340295,4,0,3,7, Done, dt, 26.965970500000026
693.0,Elev,7,  arrived at src, 0, Elevator call,672.6773142,0,-1,2,7
693.0, elevID,7,  pos,0,  cmd, goto,-1
696.0,Elevator call,695.2239882,0,10,1,5, got allocated to elevator, 5
699.0,Elev,7,  arrived at src, -1, Elevator call,661.042082,-1,3,2,7
699.0,Elev,7,  arrived at src, -1, Elevator call,662.1730528,-1,5,2,7
699.0,Elev,7,  arrived at src, -1, Elevator call,665.1155549,-1,8,2,7
699.0,Elev,7,  arrived at dest, -1, this call is done!, Elevator call,666.2411587,5,-1,3,7, Done, dt, 32.75884129999997
699.0,Elev,7,  arrived at dest, -1, this call is done!, Elevator call,672.6773142,0,-1,3,7, Done, dt, 26.322685800000045
699.0,Elev,7,  arrived at src, -1, Elevator call,678.9953585,-1,-2,2,7
699.0, elevID,7,  pos,-1,  cmd, goto,-2
700.0,Elev,5,  arrived at dest, -1, this call is done!, Elevator call,677.7341948,0,-1,3,5, Done, dt, 22.265805200000045
700.0, elevID,5,  pos,-1,  cmd, goto,0
705.0,Elev,7,  arrived at dest, -2, this call is done!, Elevator call,678.9953585,-1,-2,3,7, Done, dt, 26.004641500000048
705.0, elevID,7,  pos,-2,  cmd, goto,3
707.0,Elevator call,706.1583475,-1,-2,1,5, got allocated to elevator, 5
711.0,Elevator call,710.324977,0,1,1,7, got allocated to elevator, 7
711.0,Elev,5,  arrived at src, 0, Elevator call,695.2239882,0,10,2,5
711.0, elevID,5,  pos,0,  cmd, goto,10
712.0,Elev,7,  arrived at dest, 3, this call is done!, Elevator call,661.042082,-1,3,3,7, Done, dt, 50.95791799999995
712.0, elevID,7,  pos,3,  cmd, goto,5
714.0,Elevator call,713.0191971,1,0,1,5, got allocated to elevator, 5
714.0,Elevator call,713.2499766,10,-1,1,7, got allocated to elevator, 7
714.0, elevID,5,  pos,0,  cmd, stop,1
718.0,Elev,7,  arrived at dest, 5, this call is done!, Elevator call,662.1730528,-1,5,3,7, Done, dt, 55.82694719999995
718.0, elevID,7,  pos,5,  cmd, goto,8
722.0,Elev,5,  arrived at src, 1, Elevator call,713.0191971,1,0,2,5
722.0, elevID,5,  pos,1,  cmd, goto,10
723.0,Elevator call,722.6161213,10,0,1,7, got allocated to elevator, 7
724.0,Elev,7,  arrived at dest, 8, this call is done!, Elevator call,665.1155549,-1,8,3,7, Done, dt, 58.88444509999999
724.0, elevID,7,  pos,8,  cmd, goto,10
728.0,Elevator call,727.5146029,-1,0,1,5, got allocated to elevator, 5
730.0,Elev,7,  arrived at src, 10, Elevator call,713.2499766,10,-1,2,7
730.0,Elev,7,  arrived at src, 10, Elevator call,722.6161213,10,0,2,7
730.0, elevID,7,  pos,10,  cmd, goto,0
733.0,Elevator call,732.9746341,6,-1,1,7, got allocated to elevator, 7
, elevID,7,  pos,8,  cmd, stop,6
735.0,Elev,5,  arrived at dest, 10, this call is done!, Elevator call,695.2239882,0,10,3,5, Done, dt, 39.77601179999999
735.0, elevID,5,  pos,10,  cmd, goto,0
736.0,Elev,7,  arrived at src, 6, Elevator call,732.9746341,6,-1,2,7
736.0, elevID,7,  pos,6,  cmd, goto,0
738.0,Elevator call,737.3147202,1,0,1,5, got allocated to elevator, 5
, elevID,5,  pos,10,  cmd, stop,1
743.0,Elev,7,  arrived at src, 0, Elevator call,710.324977,0,1,2,7
743.0,Elev,7,  arrived at dest, 0, this call is done!, Elevator call,722.6161213,10,0,3,7, Done, dt, 20.38387869999997
743.0, elevID,7,  pos,0,  cmd, goto,-1
748.0,Elev,5,  arrived at src, 1, Elevator call,737.3147202,1,0,2,5
748.0, elevID,5,  pos,1,  cmd, goto,0
749.0,Elev,7,  arrived at dest, -1, this call is done!, Elevator call,713.2499766,10,-1,3,7, Done, dt, 35.75002340000003
749.0,Elev,7,  arrived at dest, -1, this call is done!, Elevator call,732.9746341,6,-1,3,7, Done, dt, 16.025365899999997
749.0, elevID,7,  pos,-1,  cmd, goto,1
755.0,Elev,7,  arrived at dest, 1, this call is done!, Elevator call,710.324977,0,1,3,7, Done, dt, 44.67502300000001
759.0,Elev,5,  arrived at dest, 0, this call is done!, Elevator call,713.0191971,1,0,3,5, Done, dt, 45.98080289999996
759.0,Elev,5,  arrived at dest, 0, this call is done!, Elevator call,737.3147202,1,0,3,5, Done, dt, 21.68527979999999
759.0, elevID,5,  pos,0,  cmd, goto,-1
770.0,Elev,5,  arrived at src, -1, Elevator call,706.1583475,-1,-2,2,5
770.0,Elev,5,  arrived at src, -1, Elevator call,727.5146029,-1,0,2,5
770.0, elevID,5,  pos,-1,  cmd, goto,-2
780.0,Elevator call,779.3996914,-1,5,1,7, got allocated to elevator, 7
780.0, elevID,7,  pos,1,  cmd, goto,-1
781.0,Elev,5,  arrived at dest, -2, this call is done!, Elevator call,706.1583475,-1,-2,3,5, Done, dt, 74.84165250000001
781.0, elevID,5,  pos,-2,  cmd, goto,0
786.0,Elev,7,  arrived at src, -1, Elevator call,779.3996914,-1,5,2,7
786.0, elevID,7,  pos,-1,  cmd, goto,5
792.0,Elev,5,  arrived at dest, 0, this call is done!, Elevator call,727.5146029,-1,0,3,5, Done, dt, 64.4853971
793.0,Elev,7,  arrived at dest, 5, this call is done!, Elevator call,779.3996914,-1,5,3,7, Done, dt, 13.600308599999948
806.0,Elevator call,805.6754743,-1,-2,1,6, got allocated to elevator, 6
806.0, elevID,6,  pos,0,  cmd, goto,-1
811.0,Elevator call,810.4469089,2,0,1,6, got allocated to elevator, 6
817.0,Elevator call,816.1516998,7,-1,1,6, got allocated to elevator, 6
817.0,Elev,6,  arrived at src, -1, Elevator call,805.6754743,-1,-2,2,6
817.0, elevID,6,  pos,-1,  cmd, goto,-2
826.0,Elevator call,825.4575185,7,0,1,6, got allocated to elevator, 6
828.0,Elev,6,  arrived at dest, -2, this call is done!, Elevator call,805.6754743,-1,-2,3,6, Done, dt, 22.32452569999998
828.0, elevID,6,  pos,-2,  cmd, goto,2
840.0,Elevator call,839.8525653,0,1,1,9, got allocated to elevator, 9
840.0, elevID,9,  pos,-1,  cmd, goto,0
841.0,Elev,6,  arrived at src, 2, Elevator call,810.4469089,2,0,2,6
841.0, elevID,6,  pos,2,  cmd, goto,7
851.0,Elev,9,  arrived at src, 0, Elevator call,839.8525653,0,1,2,9
851.0, elevID,9,  pos,0,  cmd, goto,1
855.0,Elevator call,854.2002278,6,-1,1,9, got allocated to elevator, 9
855.0,Elev,6,  arrived at src, 7, Elevator call,816.1516998,7,-1,2,6
855.0,Elev,6,  arrived at src, 7, Elevator call,825.4575185,7,0,2,6
855.0, elevID,6,  pos,7,  cmd, goto,0
862.0,Elev,9,  arrived at dest, 1, this call is done!, Elevator call,839.8525653,0,1,3,9, Done, dt, 22.147434699999963
862.0, elevID,9,  pos,1,  cmd, goto,6
864.0,Elevator call,863.8932913,0,-1,1,7, got allocated to elevator, 7
864.0, elevID,7,  pos,5,  cmd, goto,0
870.0,Elev,6,  arrived at dest, 0, this call is done!, Elevator call,810.4469089,2,0,3,6, Done, dt, 59.55309109999996
870.0,Elev,6,  arrived at dest, 0, this call is done!, Elevator call,825.4575185,7,0,3,6, Done, dt, 44.54248150000001
870.0, elevID,6,  pos,0,  cmd, goto,-1
871.0,Elevator call,870.5053024,0,7,1,7, got allocated to elevator, 7
871.0,Elev,7,  arrived at src, 0, Elevator call,863.8932913,0,-1,2,7
871.0,Elev,7,  arrived at src, 0, Elevator call,870.5053024,0,7,2,7
871.0, elevID,7,  pos,0,  cmd, goto,-1
875.0,Elev,9,  arrived at src, 6, Elevator call,854.2002278,6,-1,2,9
875.0, elevID,9,  pos,6,  cmd, goto,-1
877.0,Elev,7,  arrived at dest, -1, this call is done!, Elevator call,863.8932913,0,-1,3,7, Done, dt, 13.106708700000013
877.0, elevID,7,  pos,-1,  cmd, goto,7
881.0,Elev,6,  arrived at dest, -1, this call is done!, Elevator call,816.1516998,7,-1,3,6, Done, dt, 64.84830020000004
884.0,Elev,7,  arrived at dest, 7, this call is done!, Elevator call,870.5053024,0,7,3,7, Done, dt, 13.494697599999995
887.0,Elevator call,886.5649993,-1,-2,1,7, got allocated to elevator, 7
887.0, elevID,7,  pos,7,  cmd, goto,-1
889.0,Elev,9,  arrived at dest, -1, this call is done!, Elevator call,854.2002278,6,-1,3,9, Done, dt, 34.79977220000001
893.0,Elevator call,892.5212151,9,-1,1,9, got allocated to elevator, 9
893.0, elevID,9,  pos,-1,  cmd, goto,9
894.0,Elev,7,  arrived at src, -1, Elevator call,886.5649993,-1,-2,2,7
894.0, elevID,7,  pos,-1,  cmd, goto,-2
900.0,Elev,7,  arrived at dest, -2, this call is done!, Elevator call,886.5649993,-1,-2,3,7, Done, dt, 13.435000700000046
908.0,Elev,9,  arrived at src, 9, Elevator call,892.5212151,9,-1,2,9
908.0, elevID,9,  pos,9,  cmd, goto,-1
911.0,Elevator call,910.5388559,6,5,1,7, got allocated to elevator, 7
911.0, elevID,7,  pos,-2,  cmd, goto,6
916.0,Elevator call,915.9490575,4,-1,1,9, got allocated to elevator, 9
918.0,Elev,7,  arrived at src, 6, Elevator call,910.5388559,6,5,2,7
918.0, elevID,7,  pos,6,  cmd, goto,5
923.0,Elev,9,  arrived at dest, -1, this call is done!, Elevator call,892.5212151,9,-1,3,9, Done, dt, 30.47878490000005
923.0, elevID,9,  pos,-1,  cmd, goto,4
924.0,Elev,7,  arrived at dest, 5, this call is done!, Elevator call,910.5388559,6,5,3,7, Done, dt, 13.461144099999956
934.0,Elevator call,933.8580452,7,5,1,7, got allocated to elevator, 7
934.0, elevID,7,  pos,5,  cmd, goto,7
936.0,Elev,9,  arrived at src, 4, Elevator call,915.9490575,4,-1,2,9
936.0, elevID,9,  pos,4,  cmd, goto,-1
940.0,Elev,7,  arrived at src, 7, Elevator call,933.8580452,7,5,2,7
940.0, elevID,7,  pos,7,  cmd, goto,5
946.0,Elev,7,  arrived at dest, 5, this call is done!, Elevator call,933.8580452,7,5,3,7, Done, dt, 12.141954800000008
949.0,Elev,9,  arrived at dest, -1, this call is done!, Elevator call,915.9490575,4,-1,3,9, Done, dt, 33.05094250000002
962.0,Elevator call,961.6862856,6,-1,1,9, got allocated to elevator, 9
962.0, elevID,9,  pos,-1,  cmd, goto,6
973.0,Elevator call,972.8032126,1,0,1,7, got allocated to elevator, 7
973.0, elevID,7,  pos,5,  cmd, goto,1
976.0,Elevator call,975.8361203,0,-1,1,9, got allocated to elevator, 9
976.0,Elev,9,  arrived at src, 6, Elevator call,961.6862856,6,-1,2,9
976.0, elevID,9,  pos,6,  cmd, goto,0
979.0,Elevator call,978.5925149,10,0,1,9, got allocated to elevator, 9
979.0,Elevator call,978.6210501,10,-1,1,9, got allocated to elevator, 9
979.0,Elev,7,  arrived at src, 1, Elevator call,972.8032126,1,0,2,7
979.0, elevID,7,  pos,1,  cmd, goto,0
985.0,Elevator call,984.1840186,7,0,1,7, got allocated to elevator, 7
985.0,Elev,7,  arrived at dest, 0, this call is done!, Elevator call,972.8032126,1,0,3,7, Done, dt, 12.196787399999948
985.0, elevID,7,  pos,0,  cmd, goto,7
989.0,Elev,9,  arrived at src, 0, Elevator call,975.8361203,0,-1,2,9
989.0, elevID,9,  pos,0,  cmd, goto,-1
992.0,Elev,7,  arrived at src, 7, Elevator call,984.1840186,7,0,2,7
992.0, elevID,7,  pos,7,  cmd, goto,0
999.0,Elev,7,  arrived at dest, 0, this call is done!, Elevator call,984.1840186,7,0,3,7, Done, dt, 14.815981400000055
1000.0,Elev,9,  arrived at dest, -1, this call is done!, Elevator call,961.6862856,6,-1,3,9, Done, dt, 38.31371439999998
1000.0,Elev,9,  arrived at dest, -1, this call is done!, Elevator call,975.8361203,0,-1,3,9, Done, dt, 24.163879700000052
1000.0, elevID,9,  pos,-1,  cmd, goto,10
1016.0,Elev,9,  arrived at src, 10, Elevator call,978.5925149,10,0,2,9
1016.0,Elev,9,  arrived at src, 10, Elevator call,978.6210501,10,-1,2,9
1016.0, elevID,9,  pos,10,  cmd, goto,0
1031.0,Elev,9,  arrived at dest, 0, this call is done!, Elevator call,978.5925149,10,0,3,9, Done, dt, 52.40748510000003
1031.0, elevID,9,  pos,0,  cmd, goto,-1
1042.0,Elev,9,  arrived at dest, -1, this call is done!, Elevator call,978.6210501,10,-1,3,9, Done, dt, 63.37894989999995
1043.0,************* Simulation Ended ************
Code Owners,325185619,323929190,  Building_file,B5.json,  Calls,B5a.csv
Total waiting time: 2612.0,  average waiting time per call: 26.12,  unCompleted calls,0,  certificate, -487992879
